<?xml version="1.0" encoding="UTF-8"?>
<!-- Generated by org.testng.reporters.JUnitXMLReporter -->
<testsuite ignored="0" hostname="cavirin" failures="1" tests="1" name="Windows-chrome" time="45.623" errors="0" timestamp="2024-11-20T15:10:38 IST">
  <testcase classname="testcases.TC2_Login" name="testLoginWithValidCredentials" time="29.067">
    <failure type="java.lang.AssertionError" message="Login failed: MyAccount page not displayed expected [true] but found [false]">
      <![CDATA[java.lang.AssertionError: Login failed: MyAccount page not displayed expected [true] but found [false]
at testcases.TC2_Login.testLoginWithValidCredentials(TC2_Login.java:57)
at java.base/java.util.ArrayList.forEach(ArrayList.java:1596)
at java.base/java.util.concurrent.FutureTask.run(FutureTask.java:317)
at java.base/java.util.concurrent.ThreadPoolExecutor.runWorker(ThreadPoolExecutor.java:1144)
at java.base/java.util.concurrent.ThreadPoolExecutor$Worker.run(ThreadPoolExecutor.java:642)
at java.base/java.lang.Thread.run(Thread.java:1583)
... Removed 18 stack frames]]>
    </failure>
  </testcase> <!-- testLoginWithValidCredentials -->
</testsuite> <!-- Windows-chrome -->
